  LoadShaders.cpp
  Triangles.cpp
  Generating Code...
MSVCRTD.lib(initializers.obj) : warning LNK4098: defaultlib 'libcmtd.lib' conflicts with use of other libs; use /NODEFAULTLIB:library
glew_static_vs2010_d.lib(glew.obj) : warning LNK4099: PDB '' was not found with 'glew_static_vs2010_d.lib(glew.obj)' or at ''; linking object as if no debug info
freeglut_static_vs2010_d.lib(freeglut_callbacks.obj) : warning LNK4099: PDB '' was not found with 'freeglut_static_vs2010_d.lib(freeglut_callbacks.obj)' or at ''; linking object as if no debug info
freeglut_static_vs2010_d.lib(freeglut_cursor.obj) : warning LNK4099: PDB '' was not found with 'freeglut_static_vs2010_d.lib(freeglut_cursor.obj)' or at ''; linking object as if no debug info
freeglut_static_vs2010_d.lib(freeglut_display.obj) : warning LNK4099: PDB '' was not found with 'freeglut_static_vs2010_d.lib(freeglut_display.obj)' or at ''; linking object as if no debug info
freeglut_static_vs2010_d.lib(freeglut_font.obj) : warning LNK4099: PDB '' was not found with 'freeglut_static_vs2010_d.lib(freeglut_font.obj)' or at ''; linking object as if no debug info
freeglut_static_vs2010_d.lib(freeglut_font_data.obj) : warning LNK4099: PDB '' was not found with 'freeglut_static_vs2010_d.lib(freeglut_font_data.obj)' or at ''; linking object as if no debug info
freeglut_static_vs2010_d.lib(freeglut_init.obj) : warning LNK4099: PDB '' was not found with 'freeglut_static_vs2010_d.lib(freeglut_init.obj)' or at ''; linking object as if no debug info
freeglut_static_vs2010_d.lib(freeglut_input_devices.obj) : warning LNK4099: PDB '' was not found with 'freeglut_static_vs2010_d.lib(freeglut_input_devices.obj)' or at ''; linking object as if no debug info
freeglut_static_vs2010_d.lib(freeglut_joystick.obj) : warning LNK4099: PDB '' was not found with 'freeglut_static_vs2010_d.lib(freeglut_joystick.obj)' or at ''; linking object as if no debug info
freeglut_static_vs2010_d.lib(freeglut_main.obj) : warning LNK4099: PDB '' was not found with 'freeglut_static_vs2010_d.lib(freeglut_main.obj)' or at ''; linking object as if no debug info
freeglut_static_vs2010_d.lib(freeglut_menu.obj) : warning LNK4099: PDB '' was not found with 'freeglut_static_vs2010_d.lib(freeglut_menu.obj)' or at ''; linking object as if no debug info
freeglut_static_vs2010_d.lib(freeglut_spaceball.obj) : warning LNK4099: PDB '' was not found with 'freeglut_static_vs2010_d.lib(freeglut_spaceball.obj)' or at ''; linking object as if no debug info
freeglut_static_vs2010_d.lib(freeglut_state.obj) : warning LNK4099: PDB '' was not found with 'freeglut_static_vs2010_d.lib(freeglut_state.obj)' or at ''; linking object as if no debug info
freeglut_static_vs2010_d.lib(freeglut_stroke_mono_roman.obj) : warning LNK4099: PDB '' was not found with 'freeglut_static_vs2010_d.lib(freeglut_stroke_mono_roman.obj)' or at ''; linking object as if no debug info
freeglut_static_vs2010_d.lib(freeglut_stroke_roman.obj) : warning LNK4099: PDB '' was not found with 'freeglut_static_vs2010_d.lib(freeglut_stroke_roman.obj)' or at ''; linking object as if no debug info
freeglut_static_vs2010_d.lib(freeglut_structure.obj) : warning LNK4099: PDB '' was not found with 'freeglut_static_vs2010_d.lib(freeglut_structure.obj)' or at ''; linking object as if no debug info
freeglut_static_vs2010_d.lib(freeglut_window.obj) : warning LNK4099: PDB '' was not found with 'freeglut_static_vs2010_d.lib(freeglut_window.obj)' or at ''; linking object as if no debug info
  FirstExample.vcxproj -> C:\Users\17842\Github Projects\OpenGL\FirstExample_Demo\Debug\FirstExample.exe
